c:\users\hubin\desktop\zhangbushuai\captureserver\src\wincaptureandencodelib\release\wincaptureandencodelib.pch
c:\users\hubin\desktop\zhangbushuai\captureserver\src\wincaptureandencodelib\release\vc140.pdb
c:\users\hubin\desktop\zhangbushuai\captureserver\src\wincaptureandencodelib\release\stdafx.obj
c:\users\hubin\desktop\zhangbushuai\captureserver\src\wincaptureandencodelib\release\wincaptureandencodelib.obj
c:\users\hubin\desktop\zhangbushuai\captureserver\src\wincaptureandencodelib\release\util.obj
c:\users\hubin\desktop\zhangbushuai\captureserver\src\wincaptureandencodelib\release\timer.obj
c:\users\hubin\desktop\zhangbushuai\captureserver\src\wincaptureandencodelib\release\utils.obj
c:\users\hubin\desktop\zhangbushuai\captureserver\src\wincaptureandencodelib\release\types.obj
c:\users\hubin\desktop\zhangbushuai\captureserver\src\wincaptureandencodelib\release\screencaptureutilsdirect3d11.obj
c:\users\hubin\desktop\zhangbushuai\captureserver\src\wincaptureandencodelib\release\screencapturerendererdirect3d11.obj
c:\users\hubin\desktop\zhangbushuai\captureserver\src\wincaptureandencodelib\release\screencapturepointerdirect3d11.obj
c:\users\hubin\desktop\zhangbushuai\captureserver\src\wincaptureandencodelib\release\screencaptureduplicateoutputdirect3d11.obj
c:\users\hubin\desktop\zhangbushuai\captureserver\src\wincaptureandencodelib\release\screencapture.obj
c:\users\hubin\desktop\zhangbushuai\captureserver\src\wincaptureandencodelib\release\base.obj
c:\users\hubin\desktop\zhangbushuai\captureserver\src\wincaptureandencodelib\release\muteximp_win32.obj
c:\users\hubin\desktop\zhangbushuai\captureserver\src\wincaptureandencodelib\release\caputrewindows.obj
c:\users\hubin\desktop\zhangbushuai\captureserver\src\wincaptureandencodelib\release\dllmain.obj
c:\users\hubin\desktop\zhangbushuai\captureserver\bin\wincaptureandencodelib.dll
c:\users\hubin\desktop\zhangbushuai\captureserver\bin\wincaptureandencodelib.ipdb
c:\users\hubin\desktop\zhangbushuai\captureserver\bin\wincaptureandencodelib.iobj
c:\users\hubin\desktop\zhangbushuai\captureserver\src\release\wincaptureandencodelib.pdb
c:\users\hubin\desktop\zhangbushuai\captureserver\src\wincaptureandencodelib\release\wincaptureandencodelib.res
c:\users\hubin\desktop\zhangbushuai\captureserver\lib\release\wincaptureandencodelib.lib
c:\users\hubin\desktop\zhangbushuai\captureserver\lib\release\wincaptureandencodelib.exp
c:\users\hubin\desktop\zhangbushuai\captureserver\src\wincaptureandencodelib\release\wincaptu.951fe7c6.tlog\cl.command.1.tlog
c:\users\hubin\desktop\zhangbushuai\captureserver\src\wincaptureandencodelib\release\wincaptu.951fe7c6.tlog\cl.read.1.tlog
c:\users\hubin\desktop\zhangbushuai\captureserver\src\wincaptureandencodelib\release\wincaptu.951fe7c6.tlog\cl.write.1.tlog
c:\users\hubin\desktop\zhangbushuai\captureserver\src\wincaptureandencodelib\release\wincaptu.951fe7c6.tlog\link.command.1.tlog
c:\users\hubin\desktop\zhangbushuai\captureserver\src\wincaptureandencodelib\release\wincaptu.951fe7c6.tlog\link.read.1.tlog
c:\users\hubin\desktop\zhangbushuai\captureserver\src\wincaptureandencodelib\release\wincaptu.951fe7c6.tlog\link.write.1.tlog
c:\users\hubin\desktop\zhangbushuai\captureserver\src\wincaptureandencodelib\release\wincaptu.951fe7c6.tlog\rc.command.1.tlog
c:\users\hubin\desktop\zhangbushuai\captureserver\src\wincaptureandencodelib\release\wincaptu.951fe7c6.tlog\rc.read.1.tlog
c:\users\hubin\desktop\zhangbushuai\captureserver\src\wincaptureandencodelib\release\wincaptu.951fe7c6.tlog\rc.write.1.tlog
c:\users\hubin\desktop\zhangbushuai\captureserver\src\wincaptureandencodelib\release\wincaptu.951fe7c6.tlog\wincaptureandencodelib.write.1u.tlog
