d:\capturestream\src\nencoderlib\debug\nencoderlib.pch
d:\capturestream\src\nencoderlib\debug\vc120.pdb
d:\capturestream\src\nencoderlib\debug\vc120.idb
d:\capturestream\src\nencoderlib\debug\stdafx.obj
d:\capturestream\src\nencoderlib\debug\appencd3d11.obj
d:\capturestream\src\nencoderlib\debug\nencoderlib.obj
d:\capturestream\src\nencoderlib\debug\nvencoder.obj
d:\capturestream\src\nencoderlib\debug\nvencoderd3d11.obj
d:\capturestream\src\nencoderlib\debug\timer.obj
d:\capturestream\src\nencoderlib\debug\dllmain.obj
d:\capturestream\bin\nencoderlib.ilk
d:\capturestream\bin\nencoderlib.dll
d:\capturestream\src\capturestreamservernew5\debug\nencoderlib.pdb
d:\capturestream\lib\debug\nencoderlib.lib
d:\capturestream\lib\debug\nencoderlib.exp
d:\capturestream\src\nencoderlib\debug\nencoderlib.res
d:\capturestream\src\nencoderlib\debug\nencoderlib.tlog\cl.command.1.tlog
d:\capturestream\src\nencoderlib\debug\nencoderlib.tlog\cl.read.1.tlog
d:\capturestream\src\nencoderlib\debug\nencoderlib.tlog\cl.write.1.tlog
d:\capturestream\src\nencoderlib\debug\nencoderlib.tlog\link.command.1.tlog
d:\capturestream\src\nencoderlib\debug\nencoderlib.tlog\link.read.1.tlog
d:\capturestream\src\nencoderlib\debug\nencoderlib.tlog\link.write.1.tlog
d:\capturestream\src\nencoderlib\debug\nencoderlib.tlog\nencoderlib.write.1u.tlog
d:\capturestream\src\nencoderlib\debug\nencoderlib.tlog\rc.command.1.tlog
d:\capturestream\src\nencoderlib\debug\nencoderlib.tlog\rc.read.1.tlog
d:\capturestream\src\nencoderlib\debug\nencoderlib.tlog\rc.write.1.tlog
