d:\项目\雷勇项目\rtspserver-master\mediaserverlib\debug\mediaserverlib.pch
d:\项目\雷勇项目\rtspserver-master\mediaserverlib\debug\vc140.pdb
d:\项目\雷勇项目\rtspserver-master\mediaserverlib\debug\vc140.idb
d:\项目\雷勇项目\rtspserver-master\mediaserverlib\debug\stdafx.obj
d:\项目\雷勇项目\rtspserver-master\mediaserverlib\debug\dllmain.obj
d:\项目\雷勇项目\rtspserver-master\mediaserverlib\debug\rtpconnection.obj
d:\项目\雷勇项目\rtspserver-master\mediaserverlib\debug\rtspconnection.obj
d:\项目\雷勇项目\rtspserver-master\mediaserverlib\debug\rtsprequest.obj
d:\项目\雷勇项目\rtspserver-master\mediaserverlib\debug\rtspserver.obj
d:\项目\雷勇项目\rtspserver-master\mediaserverlib\debug\acceptor.obj
d:\项目\雷勇项目\rtspserver-master\mediaserverlib\debug\bufferreader.obj
d:\项目\雷勇项目\rtspserver-master\mediaserverlib\debug\bufferwriter.obj
d:\项目\雷勇项目\rtspserver-master\mediaserverlib\debug\epolltaskscheduler.obj
d:\项目\雷勇项目\rtspserver-master\mediaserverlib\debug\eventloop.obj
d:\项目\雷勇项目\rtspserver-master\mediaserverlib\debug\logger.obj
d:\项目\雷勇项目\rtspserver-master\mediaserverlib\debug\netinterface.obj
d:\项目\雷勇项目\rtspserver-master\mediaserverlib\debug\pipe.obj
d:\项目\雷勇项目\rtspserver-master\mediaserverlib\debug\selecttaskscheduler.obj
d:\项目\雷勇项目\rtspserver-master\mediaserverlib\debug\socketutil.obj
d:\项目\雷勇项目\rtspserver-master\mediaserverlib\debug\tcpconnection.obj
d:\项目\雷勇项目\rtspserver-master\mediaserverlib\debug\tcpserver.obj
d:\项目\雷勇项目\rtspserver-master\mediaserverlib\debug\tcpsocket.obj
d:\项目\雷勇项目\rtspserver-master\mediaserverlib\debug\timer.obj
d:\项目\雷勇项目\rtspserver-master\mediaserverlib\debug\timestamp.obj
d:\项目\雷勇项目\rtspserver-master\mediaserverlib\debug\xop.obj
d:\项目\雷勇项目\rtspserver-master\mediaserverlib\debug\mediaserverlib.obj
d:\项目\雷勇项目\rtspserver-master\mediaserverlib\debug\muteximp_win32.obj
d:\项目\雷勇项目\rtspserver-master\mediaserverlib\debug\aacsource.obj
d:\项目\雷勇项目\rtspserver-master\mediaserverlib\debug\g711asource.obj
d:\项目\雷勇项目\rtspserver-master\mediaserverlib\debug\h264source.obj
d:\项目\雷勇项目\rtspserver-master\mediaserverlib\debug\h265source.obj
d:\项目\雷勇项目\rtspserver-master\mediaserverlib\debug\mediasession.obj
d:\项目\雷勇项目\rtspserver-master\mediaserverlib\debug\mediaserverlib.ilk
d:\项目\雷勇项目\rtspserver-master\mediaserverlib\debug\mediaserverlib.dll
d:\项目\雷勇项目\rtspserver-master\mediaserverlib\debug\mediaserverlib.pdb
d:\项目\雷勇项目\rtspserver-master\rtpserver\debug\mediaserverlib.lib
d:\项目\雷勇项目\rtspserver-master\rtpserver\debug\mediaserverlib.exp
d:\项目\雷勇项目\rtspserver-master\mediaserverlib\debug\mediaserverlib.lib
d:\项目\雷勇项目\rtspserver-master\mediaserverlib\debug\mediaserverlib.exp
d:\项目\雷勇项目\rtspserver-master\mediaserverlib\debug\mediaserverlib.tlog\cl.command.1.tlog
d:\项目\雷勇项目\rtspserver-master\mediaserverlib\debug\mediaserverlib.tlog\cl.read.1.tlog
d:\项目\雷勇项目\rtspserver-master\mediaserverlib\debug\mediaserverlib.tlog\cl.write.1.tlog
d:\项目\雷勇项目\rtspserver-master\mediaserverlib\debug\mediaserverlib.tlog\link.command.1.tlog
d:\项目\雷勇项目\rtspserver-master\mediaserverlib\debug\mediaserverlib.tlog\link.read.1.tlog
d:\项目\雷勇项目\rtspserver-master\mediaserverlib\debug\mediaserverlib.tlog\link.write.1.tlog
d:\项目\雷勇项目\rtspserver-master\mediaserverlib\debug\mediaserverlib.tlog\mediaserverlib.write.1u.tlog
