c:\users\hubin\desktop\zhangbushuai\captureserver\src\log4app\log4cplus-1.0.4\msvc8\win32\log4cplus_static.release\log4cplus_static.pdb
c:\users\hubin\desktop\zhangbushuai\captureserver\src\log4app\log4cplus-1.0.4\msvc8\win32\log4cplus_static.release\property.obj
c:\users\hubin\desktop\zhangbushuai\captureserver\src\log4app\log4cplus-1.0.4\msvc8\win32\log4cplus_static.release\pointer.obj
c:\users\hubin\desktop\zhangbushuai\captureserver\src\log4app\log4cplus-1.0.4\msvc8\win32\log4cplus_static.release\patternlayout.obj
c:\users\hubin\desktop\zhangbushuai\captureserver\src\log4app\log4cplus-1.0.4\msvc8\win32\log4cplus_static.release\objectregistry.obj
c:\users\hubin\desktop\zhangbushuai\captureserver\src\log4app\log4cplus-1.0.4\msvc8\win32\log4cplus_static.release\ndc.obj
c:\users\hubin\desktop\zhangbushuai\captureserver\src\log4app\log4cplus-1.0.4\msvc8\win32\log4cplus_static.release\logloguser.obj
c:\users\hubin\desktop\zhangbushuai\captureserver\src\log4app\log4cplus-1.0.4\msvc8\win32\log4cplus_static.release\loglog.obj
c:\users\hubin\desktop\zhangbushuai\captureserver\src\log4app\log4cplus-1.0.4\msvc8\win32\log4cplus_static.release\loglevel.obj
c:\users\hubin\desktop\zhangbushuai\captureserver\src\log4app\log4cplus-1.0.4\msvc8\win32\log4cplus_static.release\loggingevent.obj
c:\users\hubin\desktop\zhangbushuai\captureserver\src\log4app\log4cplus-1.0.4\msvc8\win32\log4cplus_static.release\loggerimpl.obj
c:\users\hubin\desktop\zhangbushuai\captureserver\src\log4app\log4cplus-1.0.4\msvc8\win32\log4cplus_static.release\logger.obj
c:\users\hubin\desktop\zhangbushuai\captureserver\src\log4app\log4cplus-1.0.4\msvc8\win32\log4cplus_static.release\layout.obj
c:\users\hubin\desktop\zhangbushuai\captureserver\src\log4app\log4cplus-1.0.4\msvc8\win32\log4cplus_static.release\hierarchylocker.obj
c:\users\hubin\desktop\zhangbushuai\captureserver\src\log4app\log4cplus-1.0.4\msvc8\win32\log4cplus_static.release\hierarchy.obj
c:\users\hubin\desktop\zhangbushuai\captureserver\src\log4app\log4cplus-1.0.4\msvc8\win32\log4cplus_static.release\global-init.obj
c:\users\hubin\desktop\zhangbushuai\captureserver\src\log4app\log4cplus-1.0.4\msvc8\win32\log4cplus_static.release\filter.obj
c:\users\hubin\desktop\zhangbushuai\captureserver\src\log4app\log4cplus-1.0.4\msvc8\win32\log4cplus_static.release\factory.obj
c:\users\hubin\desktop\zhangbushuai\captureserver\src\log4app\log4cplus-1.0.4\msvc8\win32\log4cplus_static.release\configurator.obj
c:\users\hubin\desktop\zhangbushuai\captureserver\src\log4app\log4cplus-1.0.4\msvc8\win32\log4cplus_static.release\appenderattachableimpl.obj
c:\users\hubin\desktop\zhangbushuai\captureserver\src\log4app\log4cplus-1.0.4\msvc8\win32\log4cplus_static.release\appender.obj
c:\users\hubin\desktop\zhangbushuai\captureserver\src\log4app\log4cplus-1.0.4\msvc8\win32\log4cplus_static.release\win32debugappender.obj
c:\users\hubin\desktop\zhangbushuai\captureserver\src\log4app\log4cplus-1.0.4\msvc8\win32\log4cplus_static.release\win32consoleappender.obj
c:\users\hubin\desktop\zhangbushuai\captureserver\src\log4app\log4cplus-1.0.4\msvc8\win32\log4cplus_static.release\socketappender.obj
c:\users\hubin\desktop\zhangbushuai\captureserver\src\log4app\log4cplus-1.0.4\msvc8\win32\log4cplus_static.release\nullappender.obj
c:\users\hubin\desktop\zhangbushuai\captureserver\src\log4app\log4cplus-1.0.4\msvc8\win32\log4cplus_static.release\nteventlogappender.obj
c:\users\hubin\desktop\zhangbushuai\captureserver\src\log4app\log4cplus-1.0.4\msvc8\win32\log4cplus_static.release\fileappender.obj
c:\users\hubin\desktop\zhangbushuai\captureserver\src\log4app\log4cplus-1.0.4\msvc8\win32\log4cplus_static.release\consoleappender.obj
c:\users\hubin\desktop\zhangbushuai\captureserver\src\log4app\log4cplus-1.0.4\msvc8\win32\log4cplus_static.release\version.obj
c:\users\hubin\desktop\zhangbushuai\captureserver\src\log4app\log4cplus-1.0.4\msvc8\win32\log4cplus_static.release\timehelper.obj
c:\users\hubin\desktop\zhangbushuai\captureserver\src\log4app\log4cplus-1.0.4\msvc8\win32\log4cplus_static.release\threads.obj
c:\users\hubin\desktop\zhangbushuai\captureserver\src\log4app\log4cplus-1.0.4\msvc8\win32\log4cplus_static.release\syncprims.obj
c:\users\hubin\desktop\zhangbushuai\captureserver\src\log4app\log4cplus-1.0.4\msvc8\win32\log4cplus_static.release\stringhelper.obj
c:\users\hubin\desktop\zhangbushuai\captureserver\src\log4app\log4cplus-1.0.4\msvc8\win32\log4cplus_static.release\socketbuffer.obj
c:\users\hubin\desktop\zhangbushuai\captureserver\src\log4app\log4cplus-1.0.4\msvc8\win32\log4cplus_static.release\socket.obj
c:\users\hubin\desktop\zhangbushuai\captureserver\src\log4app\log4cplus-1.0.4\msvc8\win32\log4cplus_static.release\socket-win32.obj
c:\users\hubin\desktop\zhangbushuai\captureserver\src\log4app\log4cplus-1.0.4\msvc8\win32\log4cplus_static.release\sleep.obj
c:\users\hubin\desktop\zhangbushuai\captureserver\src\log4app\log4cplus-1.0.4\msvc8\win32\log4cplus_static.release\rootlogger.obj
c:\users\hubin\desktop\zhangbushuai\captureserver\lib\log4app\win32\release\log4cplus_static.pdb
c:\users\hubin\desktop\zhangbushuai\captureserver\lib\log4app\win32\release\log4cpluss.lib
c:\users\hubin\desktop\zhangbushuai\captureserver\src\log4app\log4cplus-1.0.4\msvc8\win32\log4cplus_static.release\log4cplus_static.tlog\cl.command.1.tlog
c:\users\hubin\desktop\zhangbushuai\captureserver\src\log4app\log4cplus-1.0.4\msvc8\win32\log4cplus_static.release\log4cplus_static.tlog\cl.read.1.tlog
c:\users\hubin\desktop\zhangbushuai\captureserver\src\log4app\log4cplus-1.0.4\msvc8\win32\log4cplus_static.release\log4cplus_static.tlog\cl.write.1.tlog
c:\users\hubin\desktop\zhangbushuai\captureserver\src\log4app\log4cplus-1.0.4\msvc8\win32\log4cplus_static.release\log4cplus_static.tlog\lib-link.read.1.tlog
c:\users\hubin\desktop\zhangbushuai\captureserver\src\log4app\log4cplus-1.0.4\msvc8\win32\log4cplus_static.release\log4cplus_static.tlog\lib-link.write.1.tlog
c:\users\hubin\desktop\zhangbushuai\captureserver\src\log4app\log4cplus-1.0.4\msvc8\win32\log4cplus_static.release\log4cplus_static.tlog\lib.command.1.tlog
