c:\users\hubin\desktop\zhangbushuai\captureserver\src\mediaserverlib\release\mediaserverlib.pch
c:\users\hubin\desktop\zhangbushuai\captureserver\src\mediaserverlib\release\vc140.pdb
c:\users\hubin\desktop\zhangbushuai\captureserver\src\mediaserverlib\release\stdafx.obj
c:\users\hubin\desktop\zhangbushuai\captureserver\src\mediaserverlib\release\dllmain.obj
c:\users\hubin\desktop\zhangbushuai\captureserver\src\mediaserverlib\release\selecttaskscheduler.obj
c:\users\hubin\desktop\zhangbushuai\captureserver\src\mediaserverlib\release\pipe.obj
c:\users\hubin\desktop\zhangbushuai\captureserver\src\mediaserverlib\release\netinterface.obj
c:\users\hubin\desktop\zhangbushuai\captureserver\src\mediaserverlib\release\logger.obj
c:\users\hubin\desktop\zhangbushuai\captureserver\src\mediaserverlib\release\eventloop.obj
c:\users\hubin\desktop\zhangbushuai\captureserver\src\mediaserverlib\release\epolltaskscheduler.obj
c:\users\hubin\desktop\zhangbushuai\captureserver\src\mediaserverlib\release\bufferwriter.obj
c:\users\hubin\desktop\zhangbushuai\captureserver\src\mediaserverlib\release\bufferreader.obj
c:\users\hubin\desktop\zhangbushuai\captureserver\src\mediaserverlib\release\acceptor.obj
c:\users\hubin\desktop\zhangbushuai\captureserver\src\mediaserverlib\release\rtspserver.obj
c:\users\hubin\desktop\zhangbushuai\captureserver\src\mediaserverlib\release\rtsprequest.obj
c:\users\hubin\desktop\zhangbushuai\captureserver\src\mediaserverlib\release\rtspconnection.obj
c:\users\hubin\desktop\zhangbushuai\captureserver\src\mediaserverlib\release\rtpconnection.obj
c:\users\hubin\desktop\zhangbushuai\captureserver\src\mediaserverlib\release\mediasession.obj
c:\users\hubin\desktop\zhangbushuai\captureserver\src\mediaserverlib\release\h265source.obj
c:\users\hubin\desktop\zhangbushuai\captureserver\src\mediaserverlib\release\h264source.obj
c:\users\hubin\desktop\zhangbushuai\captureserver\src\mediaserverlib\release\g711asource.obj
c:\users\hubin\desktop\zhangbushuai\captureserver\src\mediaserverlib\release\aacsource.obj
c:\users\hubin\desktop\zhangbushuai\captureserver\src\mediaserverlib\release\muteximp_win32.obj
c:\users\hubin\desktop\zhangbushuai\captureserver\src\mediaserverlib\release\mediaserverlib.obj
c:\users\hubin\desktop\zhangbushuai\captureserver\src\mediaserverlib\release\xop.obj
c:\users\hubin\desktop\zhangbushuai\captureserver\src\mediaserverlib\release\timestamp.obj
c:\users\hubin\desktop\zhangbushuai\captureserver\src\mediaserverlib\release\timer.obj
c:\users\hubin\desktop\zhangbushuai\captureserver\src\mediaserverlib\release\tcpsocket.obj
c:\users\hubin\desktop\zhangbushuai\captureserver\src\mediaserverlib\release\tcpserver.obj
c:\users\hubin\desktop\zhangbushuai\captureserver\src\mediaserverlib\release\tcpconnection.obj
c:\users\hubin\desktop\zhangbushuai\captureserver\src\mediaserverlib\release\socketutil.obj
c:\users\hubin\desktop\zhangbushuai\captureserver\src\release\mediaserverlib.dll
c:\users\hubin\desktop\zhangbushuai\captureserver\src\release\mediaserverlib.ipdb
c:\users\hubin\desktop\zhangbushuai\captureserver\src\release\mediaserverlib.iobj
c:\users\hubin\desktop\zhangbushuai\captureserver\src\release\mediaserverlib.pdb
c:\users\hubin\desktop\zhangbushuai\captureserver\src\release\mediaserverlib.lib
c:\users\hubin\desktop\zhangbushuai\captureserver\src\release\mediaserverlib.exp
c:\users\hubin\desktop\zhangbushuai\captureserver\src\mediaserverlib\release\mediaserverlib.res
c:\users\hubin\desktop\zhangbushuai\captureserver\src\mediaserverlib\release\mediaserverlib.ipdb
c:\users\hubin\desktop\zhangbushuai\captureserver\src\mediaserverlib\release\mediaserverlib.iobj
c:\users\hubin\desktop\zhangbushuai\captureserver\src\mediaserverlib\release\mediaserverlib.tlog\cl.command.1.tlog
c:\users\hubin\desktop\zhangbushuai\captureserver\src\mediaserverlib\release\mediaserverlib.tlog\cl.read.1.tlog
c:\users\hubin\desktop\zhangbushuai\captureserver\src\mediaserverlib\release\mediaserverlib.tlog\cl.write.1.tlog
c:\users\hubin\desktop\zhangbushuai\captureserver\src\mediaserverlib\release\mediaserverlib.tlog\link.command.1.tlog
c:\users\hubin\desktop\zhangbushuai\captureserver\src\mediaserverlib\release\mediaserverlib.tlog\link.read.1.tlog
c:\users\hubin\desktop\zhangbushuai\captureserver\src\mediaserverlib\release\mediaserverlib.tlog\link.write.1.tlog
c:\users\hubin\desktop\zhangbushuai\captureserver\src\mediaserverlib\release\mediaserverlib.tlog\mediaserverlib.write.1u.tlog
c:\users\hubin\desktop\zhangbushuai\captureserver\src\mediaserverlib\release\mediaserverlib.tlog\rc.command.1.tlog
c:\users\hubin\desktop\zhangbushuai\captureserver\src\mediaserverlib\release\mediaserverlib.tlog\rc.read.1.tlog
c:\users\hubin\desktop\zhangbushuai\captureserver\src\mediaserverlib\release\mediaserverlib.tlog\rc.write.1.tlog
