c:\users\hubin\desktop\zhangbushuai\captureserver\src\nencoderlib\release\nencoderlib.pch
c:\users\hubin\desktop\zhangbushuai\captureserver\src\nencoderlib\release\vc140.pdb
c:\users\hubin\desktop\zhangbushuai\captureserver\src\nencoderlib\release\stdafx.obj
c:\users\hubin\desktop\zhangbushuai\captureserver\src\nencoderlib\release\timer.obj
c:\users\hubin\desktop\zhangbushuai\captureserver\src\nencoderlib\release\nvencoderd3d11.obj
c:\users\hubin\desktop\zhangbushuai\captureserver\src\nencoderlib\release\nvencoder.obj
c:\users\hubin\desktop\zhangbushuai\captureserver\src\nencoderlib\release\nencoderlib.obj
c:\users\hubin\desktop\zhangbushuai\captureserver\src\nencoderlib\release\appencd3d11.obj
c:\users\hubin\desktop\zhangbushuai\captureserver\src\nencoderlib\release\dllmain.obj
c:\users\hubin\desktop\zhangbushuai\captureserver\bin\nencoderlib.dll
c:\users\hubin\desktop\zhangbushuai\captureserver\bin\nencoderlib.ipdb
c:\users\hubin\desktop\zhangbushuai\captureserver\bin\nencoderlib.iobj
c:\users\hubin\desktop\zhangbushuai\captureserver\src\release\nencoderlib.pdb
c:\users\hubin\desktop\zhangbushuai\captureserver\lib\release\nencoderlib.lib
c:\users\hubin\desktop\zhangbushuai\captureserver\lib\release\nencoderlib.exp
c:\users\hubin\desktop\zhangbushuai\captureserver\src\nencoderlib\release\nencoderlib.res
c:\users\hubin\desktop\zhangbushuai\captureserver\src\nencoderlib\release\nencoderlib.tlog\cl.command.1.tlog
c:\users\hubin\desktop\zhangbushuai\captureserver\src\nencoderlib\release\nencoderlib.tlog\cl.read.1.tlog
c:\users\hubin\desktop\zhangbushuai\captureserver\src\nencoderlib\release\nencoderlib.tlog\cl.write.1.tlog
c:\users\hubin\desktop\zhangbushuai\captureserver\src\nencoderlib\release\nencoderlib.tlog\link.command.1.tlog
c:\users\hubin\desktop\zhangbushuai\captureserver\src\nencoderlib\release\nencoderlib.tlog\link.read.1.tlog
c:\users\hubin\desktop\zhangbushuai\captureserver\src\nencoderlib\release\nencoderlib.tlog\link.write.1.tlog
c:\users\hubin\desktop\zhangbushuai\captureserver\src\nencoderlib\release\nencoderlib.tlog\nencoderlib.write.1u.tlog
c:\users\hubin\desktop\zhangbushuai\captureserver\src\nencoderlib\release\nencoderlib.tlog\rc.command.1.tlog
c:\users\hubin\desktop\zhangbushuai\captureserver\src\nencoderlib\release\nencoderlib.tlog\rc.read.1.tlog
c:\users\hubin\desktop\zhangbushuai\captureserver\src\nencoderlib\release\nencoderlib.tlog\rc.write.1.tlog
