c:\users\hubin\desktop\zhangbushuai\captureserver\src\captureservermanger\release\captureservermanger.pch
c:\users\hubin\desktop\zhangbushuai\captureserver\src\captureservermanger\release\vc140.pdb
c:\users\hubin\desktop\zhangbushuai\captureserver\src\captureservermanger\release\stdafx.obj
c:\users\hubin\desktop\zhangbushuai\captureserver\src\captureservermanger\release\systemutil.obj
c:\users\hubin\desktop\zhangbushuai\captureserver\src\captureservermanger\release\captureservermanger.obj
c:\users\hubin\desktop\zhangbushuai\captureserver\bin\captureservermanger.exe
c:\users\hubin\desktop\zhangbushuai\captureserver\bin\captureservermanger.ipdb
c:\users\hubin\desktop\zhangbushuai\captureserver\bin\captureservermanger.iobj
c:\users\hubin\desktop\zhangbushuai\captureserver\bin\captureservermanger.pdb
c:\users\hubin\desktop\zhangbushuai\captureserver\src\captureservermanger\release\captureservermanger.res
c:\users\hubin\desktop\zhangbushuai\captureserver\src\captureservermanger\../../bin\captureservermanger.exe
c:\users\hubin\desktop\zhangbushuai\captureserver\src\captureservermanger\release\captures.e5a33302.tlog\cl.command.1.tlog
c:\users\hubin\desktop\zhangbushuai\captureserver\src\captureservermanger\release\captures.e5a33302.tlog\cl.read.1.tlog
c:\users\hubin\desktop\zhangbushuai\captureserver\src\captureservermanger\release\captures.e5a33302.tlog\cl.write.1.tlog
c:\users\hubin\desktop\zhangbushuai\captureserver\src\captureservermanger\release\captures.e5a33302.tlog\link.command.1.tlog
c:\users\hubin\desktop\zhangbushuai\captureserver\src\captureservermanger\release\captures.e5a33302.tlog\link.read.1.tlog
c:\users\hubin\desktop\zhangbushuai\captureserver\src\captureservermanger\release\captures.e5a33302.tlog\link.write.1.tlog
c:\users\hubin\desktop\zhangbushuai\captureserver\src\captureservermanger\release\captures.e5a33302.tlog\rc.command.1.tlog
c:\users\hubin\desktop\zhangbushuai\captureserver\src\captureservermanger\release\captures.e5a33302.tlog\rc.read.1.tlog
c:\users\hubin\desktop\zhangbushuai\captureserver\src\captureservermanger\release\captures.e5a33302.tlog\rc.write.1.tlog
